2015-11-10 15:26:56 10fc InnoDB: Warning: Using innodb_additional_mem_pool_size is DEPRECATED. This option may be removed in future releases, together with the option innodb_use_sys_malloc and with the InnoDB's internal memory allocator.
2015-11-10 15:26:56 4348 [Note] InnoDB: Using mutexes to ref count buffer pool pages
2015-11-10 15:26:56 4348 [Note] InnoDB: The InnoDB memory heap is disabled
2015-11-10 15:26:56 4348 [Note] InnoDB: Mutexes and rw_locks use Windows interlocked functions
2015-11-10 15:26:56 4348 [Note] InnoDB: Memory barrier is not used
2015-11-10 15:26:56 4348 [Note] InnoDB: Compressed tables use zlib 1.2.3
2015-11-10 15:26:56 4348 [Note] InnoDB: Not using CPU crc32 instructions
2015-11-10 15:26:56 4348 [Note] InnoDB: Initializing buffer pool, size = 16.0M
2015-11-10 15:26:56 4348 [Note] InnoDB: Completed initialization of buffer pool
2015-11-10 15:26:56 4348 [Note] InnoDB: Highest supported file format is Barracuda.
2015-11-10 15:26:57 4348 [Note] InnoDB: 128 rollback segment(s) are active.
2015-11-10 15:26:57 4348 [Note] InnoDB: Waiting for purge to start
2015-11-10 15:26:57 4348 [Note] InnoDB:  Percona XtraDB (http://www.percona.com) 5.6.26-74.0 started; log sequence number 1835027
2015-11-10 15:26:57 6140 [Note] InnoDB: Dumping buffer pool(s) not yet started
2015-11-10 15:26:57 4348 [Note] Plugin 'FEEDBACK' is disabled.
2015-11-10 15:26:57 4348 [Note] Server socket created on IP: '::'.
2015-11-10 15:26:57 4348 [Note] Event Scheduler: Loaded 0 events
2015-11-10 15:26:57 4348 [Note] C:\xampp\mysql\bin\mysqld.exe: ready for connections.
Version: '10.1.8-MariaDB'  socket: ''  port: 3306  mariadb.org binary distribution
2015-11-10 15:27:11 5152 [Note] C:\xampp\mysql\bin\mysqld.exe: Normal shutdown

2015-11-10 15:27:11 5152 [Note] Event Scheduler: Purging the queue. 0 events
2015-11-10 15:27:11 5732 [Note] InnoDB: FTS optimize thread exiting.
2015-11-10 15:27:11 5152 [Note] InnoDB: Starting shutdown...
2015-11-10 15:27:13 5152 [Note] InnoDB: Shutdown completed; log sequence number 1835037
2015-11-10 15:27:13 5152 [Note] C:\xampp\mysql\bin\mysqld.exe: Shutdown complete

2016-05-03 15:59:41 418 InnoDB: Warning: Using innodb_additional_mem_pool_size is DEPRECATED. This option may be removed in future releases, together with the option innodb_use_sys_malloc and with the InnoDB's internal memory allocator.
2016-05-03 15:59:41 1048 [Note] InnoDB: Using mutexes to ref count buffer pool pages
2016-05-03 15:59:41 1048 [Note] InnoDB: The InnoDB memory heap is disabled
2016-05-03 15:59:41 1048 [Note] InnoDB: Mutexes and rw_locks use Windows interlocked functions
2016-05-03 15:59:41 1048 [Note] InnoDB: Memory barrier is not used
2016-05-03 15:59:41 1048 [Note] InnoDB: Compressed tables use zlib 1.2.3
2016-05-03 15:59:41 1048 [Note] InnoDB: Using generic crc32 instructions
2016-05-03 15:59:41 1048 [Note] InnoDB: Initializing buffer pool, size = 16.0M
2016-05-03 15:59:41 1048 [Note] InnoDB: Completed initialization of buffer pool
2016-05-03 15:59:41 1048 [Note] InnoDB: Highest supported file format is Barracuda.
2016-05-03 15:59:41 1048 [Note] InnoDB: 128 rollback segment(s) are active.
2016-05-03 15:59:41 1048 [Note] InnoDB: Waiting for purge to start
2016-05-03 15:59:42 1048 [Note] InnoDB:  Percona XtraDB (http://www.percona.com) 5.6.28-76.1 started; log sequence number 1835037
2016-05-03 15:59:42 5868 [Note] InnoDB: Dumping buffer pool(s) not yet started
2016-05-03 15:59:42 1048 [Note] Plugin 'FEEDBACK' is disabled.
2016-05-03 15:59:42 1048 [Note] Server socket created on IP: '::'.
2016-05-03 15:59:42 1048 [Note] c:\xampp\mysql\bin\mysqld.exe: ready for connections.
Version: '10.1.13-MariaDB'  socket: ''  port: 3306  mariadb.org binary distribution
2016-05-03 15:59:43 6664 [Note] c:\xampp\mysql\bin\mysqld.exe: Normal shutdown

2016-05-03 15:59:43 6664 [Note] Event Scheduler: Purging the queue. 0 events
2016-05-03 15:59:43 12132 [Note] InnoDB: FTS optimize thread exiting.
2016-05-03 15:59:43 6664 [Note] InnoDB: Starting shutdown...
2016-05-03 15:59:45 6664 [Note] InnoDB: Shutdown completed; log sequence number 1835047
2016-05-03 15:59:45 6664 [Note] c:\xampp\mysql\bin\mysqld.exe: Shutdown complete

2016-05-03 16:00:07 26c4 InnoDB: Warning: Using innodb_additional_mem_pool_size is DEPRECATED. This option may be removed in future releases, together with the option innodb_use_sys_malloc and with the InnoDB's internal memory allocator.
2016-05-03 16:00:07 9924 [Note] InnoDB: Using mutexes to ref count buffer pool pages
2016-05-03 16:00:07 9924 [Note] InnoDB: The InnoDB memory heap is disabled
2016-05-03 16:00:07 9924 [Note] InnoDB: Mutexes and rw_locks use Windows interlocked functions
2016-05-03 16:00:07 9924 [Note] InnoDB: Memory barrier is not used
2016-05-03 16:00:07 9924 [Note] InnoDB: Compressed tables use zlib 1.2.3
2016-05-03 16:00:07 9924 [Note] InnoDB: Using generic crc32 instructions
2016-05-03 16:00:07 9924 [Note] InnoDB: Initializing buffer pool, size = 16.0M
2016-05-03 16:00:07 9924 [Note] InnoDB: Completed initialization of buffer pool
2016-05-03 16:00:07 9924 [Note] InnoDB: Highest supported file format is Barracuda.
2016-05-03 16:00:07 9924 [Note] InnoDB: 128 rollback segment(s) are active.
2016-05-03 16:00:07 9924 [Note] InnoDB: Waiting for purge to start
2016-05-03 16:00:07 9924 [Note] InnoDB:  Percona XtraDB (http://www.percona.com) 5.6.28-76.1 started; log sequence number 1835047
2016-05-03 16:00:07 1520 [Note] InnoDB: Dumping buffer pool(s) not yet started
2016-05-03 16:00:07 9924 [Note] Plugin 'FEEDBACK' is disabled.
2016-05-03 16:00:07 9924 [Note] Server socket created on IP: '::'.
2016-05-03 16:00:07 9924 [Note] c:\xampp\mysql\bin\mysqld.exe: ready for connections.
Version: '10.1.13-MariaDB'  socket: ''  port: 3306  mariadb.org binary distribution
2016-05-03 16:00:24 11324 [Note] c:\xampp\mysql\bin\mysqld.exe: Normal shutdown

2016-05-03 16:00:24 11324 [Note] Event Scheduler: Purging the queue. 0 events
2016-05-03 16:00:24 7540 [Note] InnoDB: FTS optimize thread exiting.
2016-05-03 16:00:24 11324 [Note] InnoDB: Starting shutdown...
2016-05-03 16:00:26 11324 [Note] InnoDB: Shutdown completed; log sequence number 1835057
2016-05-03 16:00:26 11324 [Note] c:\xampp\mysql\bin\mysqld.exe: Shutdown complete

2016-05-03 16:00:54 2b30 InnoDB: Warning: Using innodb_additional_mem_pool_size is DEPRECATED. This option may be removed in future releases, together with the option innodb_use_sys_malloc and with the InnoDB's internal memory allocator.
2016-05-03 16:00:54 11056 [Note] InnoDB: Using mutexes to ref count buffer pool pages
2016-05-03 16:00:54 11056 [Note] InnoDB: The InnoDB memory heap is disabled
2016-05-03 16:00:54 11056 [Note] InnoDB: Mutexes and rw_locks use Windows interlocked functions
2016-05-03 16:00:54 11056 [Note] InnoDB: Memory barrier is not used
2016-05-03 16:00:54 11056 [Note] InnoDB: Compressed tables use zlib 1.2.3
2016-05-03 16:00:54 11056 [Note] InnoDB: Using generic crc32 instructions
2016-05-03 16:00:54 11056 [Note] InnoDB: Initializing buffer pool, size = 16.0M
2016-05-03 16:00:54 11056 [Note] InnoDB: Completed initialization of buffer pool
2016-05-03 16:00:55 11056 [Note] InnoDB: Highest supported file format is Barracuda.
2016-05-03 16:00:55 11056 [Note] InnoDB: 128 rollback segment(s) are active.
2016-05-03 16:00:55 11056 [Note] InnoDB: Waiting for purge to start
2016-05-03 16:00:55 11056 [Note] InnoDB:  Percona XtraDB (http://www.percona.com) 5.6.28-76.1 started; log sequence number 1835057
2016-05-03 16:00:55 11340 [Note] InnoDB: Dumping buffer pool(s) not yet started
2016-05-03 16:00:55 11056 [Note] Plugin 'FEEDBACK' is disabled.
2016-05-03 16:00:55 11056 [Note] Server socket created on IP: '::'.
2016-05-03 16:00:55 11056 [Note] c:\xampp\mysql\bin\mysqld.exe: ready for connections.
Version: '10.1.13-MariaDB'  socket: ''  port: 3306  mariadb.org binary distribution
2016-05-03 16:00:56 7624 [Note] c:\xampp\mysql\bin\mysqld.exe: Normal shutdown

2016-05-03 16:00:56 7624 [Note] Event Scheduler: Purging the queue. 0 events
2016-05-03 16:00:56 5572 [Note] InnoDB: FTS optimize thread exiting.
2016-05-03 16:00:56 7624 [Note] InnoDB: Starting shutdown...
2016-05-03 16:00:58 7624 [Note] InnoDB: Shutdown completed; log sequence number 1835067
2016-05-03 16:00:58 7624 [Note] c:\xampp\mysql\bin\mysqld.exe: Shutdown complete

2016-05-03 16:01:44 7f0 InnoDB: Warning: Using innodb_additional_mem_pool_size is DEPRECATED. This option may be removed in future releases, together with the option innodb_use_sys_malloc and with the InnoDB's internal memory allocator.
2016-05-03 16:01:44 2032 [Note] InnoDB: Using mutexes to ref count buffer pool pages
2016-05-03 16:01:44 2032 [Note] InnoDB: The InnoDB memory heap is disabled
2016-05-03 16:01:44 2032 [Note] InnoDB: Mutexes and rw_locks use Windows interlocked functions
2016-05-03 16:01:44 2032 [Note] InnoDB: Memory barrier is not used
2016-05-03 16:01:44 2032 [Note] InnoDB: Compressed tables use zlib 1.2.3
2016-05-03 16:01:44 2032 [Note] InnoDB: Using generic crc32 instructions
2016-05-03 16:01:44 2032 [Note] InnoDB: Initializing buffer pool, size = 16.0M
2016-05-03 16:01:44 2032 [Note] InnoDB: Completed initialization of buffer pool
2016-05-03 16:01:44 2032 [Note] InnoDB: Highest supported file format is Barracuda.
2016-05-03 16:01:44 2032 [Note] InnoDB: 128 rollback segment(s) are active.
2016-05-03 16:01:44 2032 [Note] InnoDB: Waiting for purge to start
2016-05-03 16:01:44 2032 [Note] InnoDB:  Percona XtraDB (http://www.percona.com) 5.6.28-76.1 started; log sequence number 1835067
2016-05-03 16:01:44 12332 [Note] InnoDB: Dumping buffer pool(s) not yet started
2016-05-03 16:01:44 2032 [Note] Plugin 'FEEDBACK' is disabled.
2016-05-03 16:01:44 2032 [Note] Server socket created on IP: '::'.
2016-05-03 16:01:44 2032 [Note] c:\xampp\mysql\bin\mysqld.exe: ready for connections.
Version: '10.1.13-MariaDB'  socket: ''  port: 3306  mariadb.org binary distribution
2016-05-04 01:08:45 1abc InnoDB: Warning: Using innodb_additional_mem_pool_size is DEPRECATED. This option may be removed in future releases, together with the option innodb_use_sys_malloc and with the InnoDB's internal memory allocator.
2016-05-04  1:08:45 6844 [Note] InnoDB: Using mutexes to ref count buffer pool pages
2016-05-04  1:08:45 6844 [Note] InnoDB: The InnoDB memory heap is disabled
2016-05-04  1:08:45 6844 [Note] InnoDB: Mutexes and rw_locks use Windows interlocked functions
2016-05-04  1:08:45 6844 [Note] InnoDB: Memory barrier is not used
2016-05-04  1:08:45 6844 [Note] InnoDB: Compressed tables use zlib 1.2.3
2016-05-04  1:08:45 6844 [Note] InnoDB: Using generic crc32 instructions
2016-05-04  1:08:45 6844 [Note] InnoDB: Initializing buffer pool, size = 16.0M
2016-05-04  1:08:45 6844 [Note] InnoDB: Completed initialization of buffer pool
2016-05-04  1:08:45 6844 [Note] InnoDB: Highest supported file format is Barracuda.
2016-05-04  1:08:45 6844 [Note] InnoDB: The log sequence numbers 1835067 and 1835067 in ibdata files do not match the log sequence number 2066864 in the ib_logfiles!
2016-05-04  1:08:45 6844 [Note] InnoDB: Database was not shutdown normally!
2016-05-04  1:08:45 6844 [Note] InnoDB: Starting crash recovery.
2016-05-04  1:08:45 6844 [Note] InnoDB: Reading tablespace information from the .ibd files...
2016-05-04  1:08:45 6844 [Note] InnoDB: Restoring possible half-written data pages 
2016-05-04  1:08:45 6844 [Note] InnoDB: from the doublewrite buffer...
2016-05-04  1:08:45 6844 [Note] InnoDB: 128 rollback segment(s) are active.
2016-05-04  1:08:45 6844 [Note] InnoDB: Waiting for purge to start
2016-05-04  1:08:45 6844 [Note] InnoDB:  Percona XtraDB (http://www.percona.com) 5.6.28-76.1 started; log sequence number 2066864
2016-05-04  1:08:45 5524 [Note] InnoDB: Dumping buffer pool(s) not yet started
2016-05-04  1:08:45 6844 [Note] Plugin 'FEEDBACK' is disabled.
2016-05-04  1:08:45 6844 [Note] Server socket created on IP: '::'.
2016-05-04  1:08:45 6844 [ERROR] mysqld.exe: Table '.\mysql\db' is marked as crashed and should be repaired
2016-05-04  1:08:45 6844 [Warning] Checking table:   '.\mysql\db'
2016-05-04  1:08:45 6844 [ERROR] mysql.db: 1 client is using or hasn't closed the table properly
2016-05-04  1:08:45 6844 [ERROR] mysqld.exe: Table '.\mysql\tables_priv' is marked as crashed and should be repaired
2016-05-04  1:08:45 6844 [Warning] Checking table:   '.\mysql\tables_priv'
2016-05-04  1:08:45 6844 [ERROR] mysql.tables_priv: 1 client is using or hasn't closed the table properly
2016-05-04  1:08:45 6844 [ERROR] mysqld.exe: Table '.\mysql\columns_priv' is marked as crashed and should be repaired
2016-05-04  1:08:45 6844 [Warning] Checking table:   '.\mysql\columns_priv'
2016-05-04  1:08:45 6844 [ERROR] mysql.columns_priv: 1 client is using or hasn't closed the table properly
2016-05-04  1:08:45 6844 [ERROR] mysqld.exe: Table '.\mysql\procs_priv' is marked as crashed and should be repaired
2016-05-04  1:08:45 6844 [Warning] Checking table:   '.\mysql\procs_priv'
2016-05-04  1:08:45 6844 [ERROR] mysql.procs_priv: 1 client is using or hasn't closed the table properly
2016-05-04  1:08:45 6844 [Note] c:\xampp\mysql\bin\mysqld.exe: ready for connections.
Version: '10.1.13-MariaDB'  socket: ''  port: 3306  mariadb.org binary distribution
